Using pre-set license
Built from '2020.3/release' branch; Version is '2020.3.31f1 (6b54b7616050) revision 7034039'; Using compiler version '192528614'; Build Type 'Release'
OS: 'Windows 10  (10.0.19043) 64bit Education' Language: 'en' Physical Memory: 16310 MB
BatchMode: 1, IsHumanControllingUs: 0, StartBugReporterOnCrash: 0, Is64bit: 1, IsPro: 0

COMMAND LINE ARGUMENTS:
C:\Program Files\Unity\Hub\Editor\2020.3.31f1\Editor\Unity.exe
-adb2
-batchMode
-noUpm
-name
AssetImportWorker0
-projectPath
C:/Users/zhong/Documents/Github/CWG-22-Game-Jam/CWG-22-Game-Jam-main/CWG 22 Game Jam
-logFile
Logs/AssetImportWorker0.log
-srvPort
58593
Successfully changed project path to: C:/Users/zhong/Documents/Github/CWG-22-Game-Jam/CWG-22-Game-Jam-main/CWG 22 Game Jam
C:/Users/zhong/Documents/Github/CWG-22-Game-Jam/CWG-22-Game-Jam-main/CWG 22 Game Jam
Using Asset Import Pipeline V2.
Refreshing native plugins compatible for Editor in 35.29 ms, found 3 plugins.
Preloading 0 native plugins for Editor in 0.00 ms.
Initialize engine version: 2020.3.31f1 (6b54b7616050)
[Subsystems] Discovering subsystems at path C:/Program Files/Unity/Hub/Editor/2020.3.31f1/Editor/Data/Resources/UnitySubsystems
[Subsystems] Discovering subsystems at path C:/Users/zhong/Documents/Github/CWG-22-Game-Jam/CWG-22-Game-Jam-main/CWG 22 Game Jam/Assets
GfxDevice: creating device client; threaded=0
Direct3D:
    Version:  Direct3D 11.0 [level 11.1]
    Renderer: NVIDIA GeForce GTX 1660 (ID=0x2184)
    Vendor:   
    VRAM:     5992 MB
    Driver:   30.0.15.1123
Initialize mono
Mono path[0] = 'C:/Program Files/Unity/Hub/Editor/2020.3.31f1/Editor/Data/Managed'
Mono path[1] = 'C:/Program Files/Unity/Hub/Editor/2020.3.31f1/Editor/Data/MonoBleedingEdge/lib/mono/unityjit'
Mono config path = 'C:/Program Files/Unity/Hub/Editor/2020.3.31f1/Editor/Data/MonoBleedingEdge/etc'
Using monoOptions --debugger-agent=transport=dt_socket,embedding=1,server=y,suspend=n,address=127.0.0.1:56596
Begin MonoManager ReloadAssembly
Registering precompiled unity dll's ...
Register platform support module: C:/Program Files/Unity/Hub/Editor/2020.3.31f1/Editor/Data/PlaybackEngines/WebGLSupport/UnityEditor.WebGL.Extensions.dll
Register platform support module: C:/Program Files/Unity/Hub/Editor/2020.3.31f1/Editor/Data/PlaybackEngines/WindowsStandaloneSupport/UnityEditor.WindowsStandalone.Extensions.dll
Registered in 0.003169 seconds.
Native extension for WindowsStandalone target not found
Native extension for WebGL target not found
Refreshing native plugins compatible for Editor in 32.19 ms, found 3 plugins.
Preloading 0 native plugins for Editor in 0.00 ms.
Mono: successfully reloaded assembly
- Completed reload, in  0.400 seconds
Domain Reload Profiling:
	ReloadAssembly (401ms)
		BeginReloadAssembly (48ms)
			ExecutionOrderSort (0ms)
			DisableScriptedObjects (0ms)
			BackupInstance (0ms)
			ReleaseScriptingObjects (0ms)
			CreateAndSetChildDomain (1ms)
		EndReloadAssembly (297ms)
			LoadAssemblies (45ms)
			RebuildTransferFunctionScriptingTraits (0ms)
			SetupTypeCache (87ms)
			ReleaseScriptCaches (0ms)
			RebuildScriptCaches (19ms)
			SetupLoadedEditorAssemblies (117ms)
				LogAssemblyErrors (0ms)
				InitializePlatformSupportModulesInManaged (5ms)
				SetLoadedEditorAssemblies (0ms)
				RefreshPlugins (33ms)
				BeforeProcessingInitializeOnLoad (5ms)
				ProcessInitializeOnLoadAttributes (56ms)
				ProcessInitializeOnLoadMethodAttributes (19ms)
				AfterProcessingInitializeOnLoad (0ms)
				EditorAssembliesLoaded (0ms)
			ExecutionOrderSort2 (0ms)
			AwakeInstancesAfterBackupRestoration (0ms)
Platform modules already initialized, skipping
Registering precompiled user dll's ...
Registered in 0.003755 seconds.
Begin MonoManager ReloadAssembly
Native extension for WindowsStandalone target not found
Native extension for WebGL target not found
Refreshing native plugins compatible for Editor in 31.84 ms, found 3 plugins.
Preloading 0 native plugins for Editor in 0.00 ms.
Mono: successfully reloaded assembly
- Completed reload, in  0.734 seconds
Domain Reload Profiling:
	ReloadAssembly (736ms)
		BeginReloadAssembly (104ms)
			ExecutionOrderSort (0ms)
			DisableScriptedObjects (4ms)
			BackupInstance (0ms)
			ReleaseScriptingObjects (0ms)
			CreateAndSetChildDomain (16ms)
		EndReloadAssembly (586ms)
			LoadAssemblies (73ms)
			RebuildTransferFunctionScriptingTraits (0ms)
			SetupTypeCache (175ms)
			ReleaseScriptCaches (0ms)
			RebuildScriptCaches (29ms)
			SetupLoadedEditorAssemblies (235ms)
				LogAssemblyErrors (0ms)
				InitializePlatformSupportModulesInManaged (4ms)
				SetLoadedEditorAssemblies (0ms)
				RefreshPlugins (32ms)
				BeforeProcessingInitializeOnLoad (51ms)
				ProcessInitializeOnLoadAttributes (128ms)
				ProcessInitializeOnLoadMethodAttributes (11ms)
				AfterProcessingInitializeOnLoad (8ms)
				EditorAssembliesLoaded (0ms)
			ExecutionOrderSort2 (0ms)
			AwakeInstancesAfterBackupRestoration (4ms)
Platform modules already initialized, skipping
========================================================================
Worker process is ready to serve import requests
Launched and connected shader compiler UnityShaderCompiler.exe after 0.03 seconds
Refreshing native plugins compatible for Editor in 0.49 ms, found 3 plugins.
Preloading 0 native plugins for Editor in 0.00 ms.
Unloading 2226 Unused Serialized files (Serialized files now loaded: 0)
System memory in use before: 100.4 MB.
System memory in use after: 100.5 MB.

Unloading 25 unused Assets to reduce memory usage. Loaded Objects now: 2666.
Total: 2.447700 ms (FindLiveObjects: 0.143400 ms CreateObjectMapping: 0.055000 ms MarkObjects: 2.190100 ms  DeleteObjects: 0.058500 ms)

AssetImportParameters requested are different than current active one (requested -> active):
  custom:framework-win-MediaFoundation: 216162199b28c13a410421893ffa2e32 -> 
  custom:video-decoder-ogg-theora: a1e56fd34408186e4bbccfd4996cb3dc -> 
  custom:container-muxer-webm: aa71ff27fc2769a1b78a27578f13a17b -> 
  custom:container-demuxer-webm: 4f35f7cbe854078d1ac9338744f61a02 -> 
  custom:container-demuxer-ogg: 62fdf1f143b41e24485cea50d1cbac27 -> 
  custom:video-encoder-webm-vp8: eb34c28f22e8b96e1ab97ce403110664 -> 
  custom:video-decoder-webm-vp8: 9c59270c3fd7afecdb556c50c9e8de78 -> 
  custom:audio-decoder-ogg-vorbis: bf7c407c2cedff20999df2af8eb42d56 -> 
  custom:audio-encoder-webm-vorbis: bf7c407c2cedff20999df2af8eb42d56 -> 
========================================================================
Received Import Request.
  path: Assets/TileMaps/no_gap 1.prefab
  artifactKey: Guid(7d22c76cfa7afed4fa70878bb562e105) Importer(815301076,1909f56bfc062723c751e8b465ee728b)
Start importing Assets/TileMaps/no_gap 1.prefab using Guid(7d22c76cfa7afed4fa70878bb562e105) Importer(815301076,1909f56bfc062723c751e8b465ee728b)  -> (artifact id: 'f46c3e6e8554b027d62e9bfa533d04c0') in 0.072080 seconds 
========================================================================
Received Import Request.
  Time since last request: 7.987410 seconds.
  path: Assets/DreamSprites/tile_wall_gap_fill_0.asset
  artifactKey: Guid(973bdb1df9d0498458efc07fd81a5fbb) Importer(815301076,1909f56bfc062723c751e8b465ee728b)
Start importing Assets/DreamSprites/tile_wall_gap_fill_0.asset using Guid(973bdb1df9d0498458efc07fd81a5fbb) Importer(815301076,1909f56bfc062723c751e8b465ee728b)  -> (artifact id: '7f3f36370a13ca04d6946b013e14fa28') in 0.022816 seconds 
========================================================================
Received Import Request.
  Time since last request: 0.000509 seconds.
  path: Assets/DreamSprites/tile_wall_gap_fill_18.asset
  artifactKey: Guid(2709dc9cb9f1a5d46987c4fea6cf5b3b) Importer(815301076,1909f56bfc062723c751e8b465ee728b)
Start importing Assets/DreamSprites/tile_wall_gap_fill_18.asset using Guid(2709dc9cb9f1a5d46987c4fea6cf5b3b) Importer(815301076,1909f56bfc062723c751e8b465ee728b)  -> (artifact id: '0ba27e516ab259bc980a9e1c32a76a0c') in 0.015218 seconds 
========================================================================
Received Import Request.
  Time since last request: 0.000573 seconds.
  path: Assets/DreamSprites/tile_wall_gap_fill_17.asset
  artifactKey: Guid(0ed8480be7433a444ae041ba70014d46) Importer(815301076,1909f56bfc062723c751e8b465ee728b)
Start importing Assets/DreamSprites/tile_wall_gap_fill_17.asset using Guid(0ed8480be7433a444ae041ba70014d46) Importer(815301076,1909f56bfc062723c751e8b465ee728b)  -> (artifact id: 'c561b417222470cde8ef780519070b32') in 0.010835 seconds 
========================================================================
Received Import Request.
  Time since last request: 0.000207 seconds.
  path: Assets/DreamSprites/tile_wall_gap_fill_10.asset
  artifactKey: Guid(f84eed5864d85654ea1e6d831dc0f994) Importer(815301076,1909f56bfc062723c751e8b465ee728b)
Start importing Assets/DreamSprites/tile_wall_gap_fill_10.asset using Guid(f84eed5864d85654ea1e6d831dc0f994) Importer(815301076,1909f56bfc062723c751e8b465ee728b)  -> (artifact id: '3195b20da87271110f1058ca4d0d2dd7') in 0.013976 seconds 
========================================================================
Received Import Request.
  Time since last request: 0.000190 seconds.
  path: Assets/DreamSprites/tile_wall_gap_fill_14.asset
  artifactKey: Guid(453f8827cb243c64c9d7350045d7bce8) Importer(815301076,1909f56bfc062723c751e8b465ee728b)
Start importing Assets/DreamSprites/tile_wall_gap_fill_14.asset using Guid(453f8827cb243c64c9d7350045d7bce8) Importer(815301076,1909f56bfc062723c751e8b465ee728b)  -> (artifact id: '0dfdef2f90ed82f0e6914543325d3bc9') in 0.006930 seconds 
========================================================================
Received Import Request.
  Time since last request: 0.000189 seconds.
  path: Assets/DreamSprites/tile_wall_gap_fill_8.asset
  artifactKey: Guid(eb2f0d85e081c3b40b1579f607d82731) Importer(815301076,1909f56bfc062723c751e8b465ee728b)
Start importing Assets/DreamSprites/tile_wall_gap_fill_8.asset using Guid(eb2f0d85e081c3b40b1579f607d82731) Importer(815301076,1909f56bfc062723c751e8b465ee728b)  -> (artifact id: 'ed60d28eea39d0108f48ddad3fee1cc8') in 0.008455 seconds 
========================================================================
Received Import Request.
  Time since last request: 0.000187 seconds.
  path: Assets/DreamSprites/tile_wall_gap_fill_12.asset
  artifactKey: Guid(d0826b59738355049b19051209fbeb58) Importer(815301076,1909f56bfc062723c751e8b465ee728b)
Start importing Assets/DreamSprites/tile_wall_gap_fill_12.asset using Guid(d0826b59738355049b19051209fbeb58) Importer(815301076,1909f56bfc062723c751e8b465ee728b)  -> (artifact id: '90d09f7405bcb9d6f86c6ee8f3abe85c') in 0.010668 seconds 
========================================================================
Received Import Request.
  Time since last request: 0.000195 seconds.
  path: Assets/DreamSprites/tile_wall_gap_fill_3.asset
  artifactKey: Guid(bc987dd0c48f5944cb8e2dcce6fc8f66) Importer(815301076,1909f56bfc062723c751e8b465ee728b)
Start importing Assets/DreamSprites/tile_wall_gap_fill_3.asset using Guid(bc987dd0c48f5944cb8e2dcce6fc8f66) Importer(815301076,1909f56bfc062723c751e8b465ee728b)  -> (artifact id: '0c4fc5c963344ff8b4c79e792f54403a') in 0.007304 seconds 
========================================================================
Received Import Request.
  Time since last request: 0.000204 seconds.
  path: Assets/DreamSprites/tile_wall_gap_fill_13.asset
  artifactKey: Guid(91329a77e9a761e43ad822b4e85402b6) Importer(815301076,1909f56bfc062723c751e8b465ee728b)
Start importing Assets/DreamSprites/tile_wall_gap_fill_13.asset using Guid(91329a77e9a761e43ad822b4e85402b6) Importer(815301076,1909f56bfc062723c751e8b465ee728b)  -> (artifact id: '9b756074336dc530116a29ecd6dd0d0b') in 0.006540 seconds 
========================================================================
Received Import Request.
  Time since last request: 0.000180 seconds.
  path: Assets/DreamSprites/tile_wall_gap_fill_11.asset
  artifactKey: Guid(f98b55a04e6ebd64fbecf017baefd721) Importer(815301076,1909f56bfc062723c751e8b465ee728b)
Start importing Assets/DreamSprites/tile_wall_gap_fill_11.asset using Guid(f98b55a04e6ebd64fbecf017baefd721) Importer(815301076,1909f56bfc062723c751e8b465ee728b)  -> (artifact id: 'c29318dc84195eb1067225c21dd2d026') in 0.006224 seconds 
========================================================================
Received Import Request.
  Time since last request: 0.000190 seconds.
  path: Assets/DreamSprites/tile_wall_gap_fill_9.asset
  artifactKey: Guid(13c9520ee2fa64c48bf9b95912cf2d27) Importer(815301076,1909f56bfc062723c751e8b465ee728b)
Start importing Assets/DreamSprites/tile_wall_gap_fill_9.asset using Guid(13c9520ee2fa64c48bf9b95912cf2d27) Importer(815301076,1909f56bfc062723c751e8b465ee728b)  -> (artifact id: 'ec7d6006bcfd886c137775924b33be9f') in 0.006055 seconds 
========================================================================
Received Import Request.
  Time since last request: 0.000190 seconds.
  path: Assets/DreamSprites/tile_wall_gap_fill_5.asset
  artifactKey: Guid(79f113563a579e941bc12836264182b0) Importer(815301076,1909f56bfc062723c751e8b465ee728b)
Start importing Assets/DreamSprites/tile_wall_gap_fill_5.asset using Guid(79f113563a579e941bc12836264182b0) Importer(815301076,1909f56bfc062723c751e8b465ee728b)  -> (artifact id: '25e0da143611a684b46c2263cadd5699') in 0.006380 seconds 
========================================================================
Received Import Request.
  Time since last request: 0.000187 seconds.
  path: Assets/DreamSprites/tile_wall_gap_fill_6.asset
  artifactKey: Guid(3f202f85cec59874db03787af0bfe569) Importer(815301076,1909f56bfc062723c751e8b465ee728b)
Start importing Assets/DreamSprites/tile_wall_gap_fill_6.asset using Guid(3f202f85cec59874db03787af0bfe569) Importer(815301076,1909f56bfc062723c751e8b465ee728b)  -> (artifact id: '3486d7cb71aa74cc0331bf2684d4f6d2') in 0.006567 seconds 
========================================================================
Received Import Request.
  Time since last request: 0.000209 seconds.
  path: Assets/DreamSprites/tile_wall_gap_fill_15.asset
  artifactKey: Guid(8b47df406c19d8949baa93b5b13a1058) Importer(815301076,1909f56bfc062723c751e8b465ee728b)
Start importing Assets/DreamSprites/tile_wall_gap_fill_15.asset using Guid(8b47df406c19d8949baa93b5b13a1058) Importer(815301076,1909f56bfc062723c751e8b465ee728b)  -> (artifact id: '306ddaf863a3db3f4d423d26bb247c53') in 0.006690 seconds 
========================================================================
Received Import Request.
  Time since last request: 0.000189 seconds.
  path: Assets/DreamSprites/tile_wall_gap_fill_7.asset
  artifactKey: Guid(7f9179d13bd3df34483de482cd370a8b) Importer(815301076,1909f56bfc062723c751e8b465ee728b)
Start importing Assets/DreamSprites/tile_wall_gap_fill_7.asset using Guid(7f9179d13bd3df34483de482cd370a8b) Importer(815301076,1909f56bfc062723c751e8b465ee728b)  -> (artifact id: '5f43be989833504fbc184dc63051310f') in 0.006059 seconds 
========================================================================
Received Import Request.
  Time since last request: 0.000195 seconds.
  path: Assets/DreamSprites/tile_wall_gap_fill_16.asset
  artifactKey: Guid(de988f25654df2e44bd00e8df501ba6c) Importer(815301076,1909f56bfc062723c751e8b465ee728b)
Start importing Assets/DreamSprites/tile_wall_gap_fill_16.asset using Guid(de988f25654df2e44bd00e8df501ba6c) Importer(815301076,1909f56bfc062723c751e8b465ee728b)  -> (artifact id: '8053496dceebf54bd40ccf1b076ccb7f') in 0.006414 seconds 
========================================================================
Received Import Request.
  Time since last request: 0.000224 seconds.
  path: Assets/DreamSprites/tile_wall_gap_fill_19.asset
  artifactKey: Guid(62dcd9cfc7435c24fa41b686557a271d) Importer(815301076,1909f56bfc062723c751e8b465ee728b)
Start importing Assets/DreamSprites/tile_wall_gap_fill_19.asset using Guid(62dcd9cfc7435c24fa41b686557a271d) Importer(815301076,1909f56bfc062723c751e8b465ee728b)  -> (artifact id: '2989e09290997ca340d24c4e41a8ac24') in 0.006342 seconds 
========================================================================
Received Import Request.
  Time since last request: 0.000331 seconds.
  path: Assets/DreamSprites/tile_wall_gap_fill_4.asset
  artifactKey: Guid(aa2ccaa99e5282d4fbdef1ec5b35ffa9) Importer(815301076,1909f56bfc062723c751e8b465ee728b)
Start importing Assets/DreamSprites/tile_wall_gap_fill_4.asset using Guid(aa2ccaa99e5282d4fbdef1ec5b35ffa9) Importer(815301076,1909f56bfc062723c751e8b465ee728b)  -> (artifact id: 'e275c77d15968e86131929dda06b4209') in 0.006478 seconds 
========================================================================
Received Import Request.
  Time since last request: 0.000189 seconds.
  path: Assets/DreamSprites/tile_wall_gap_fill_1.asset
  artifactKey: Guid(508920535c44c5042b30861bf3f79961) Importer(815301076,1909f56bfc062723c751e8b465ee728b)
Start importing Assets/DreamSprites/tile_wall_gap_fill_1.asset using Guid(508920535c44c5042b30861bf3f79961) Importer(815301076,1909f56bfc062723c751e8b465ee728b)  -> (artifact id: 'b4825093a15b0ddc5a464ed3a9594e87') in 0.006057 seconds 
========================================================================
Received Import Request.
  Time since last request: 0.000195 seconds.
  path: Assets/DreamSprites/tile_wall_gap_fill_2.asset
  artifactKey: Guid(4aa395b205aca7841b1de1bc9e5ce649) Importer(815301076,1909f56bfc062723c751e8b465ee728b)
Start importing Assets/DreamSprites/tile_wall_gap_fill_2.asset using Guid(4aa395b205aca7841b1de1bc9e5ce649) Importer(815301076,1909f56bfc062723c751e8b465ee728b)  -> (artifact id: 'c1ea3b2dcc029fb20fa6ab3b83bc1f69') in 0.006500 seconds 
AssetImportWorkerClient::OnTransportError - code=2 error=End of file
